<?xml version="1.0" encoding="UTF-8"?>
<!-- Generated by org.testng.reporters.JUnitReportReporter -->
<testsuite skipped="0" hostname="Abdul-PC" name="framework.Hybrid.Exceldatadriventest" tests="1" failures="0" timestamp="08 Oct 2020 07:33:54 GMT" time="18.409" errors="0">
  <testcase name="logintest" time="18.409" classname="framework.Hybrid.Exceldatadriventest"/>
</testsuite> <!-- framework.Hybrid.Exceldatadriventest -->
