<?xml version="1.0" encoding="UTF-8"?>
<!-- Generated by org.testng.reporters.JUnitReportReporter -->
<testsuite skipped="0" hostname="Abdul-PC" name="framework.Hybrid.searchgk" tests="1" failures="0" timestamp="04 Nov 2020 05:44:57 GMT" time="11.793" errors="0">
  <testcase name="testdemo" time="11.793" classname="framework.Hybrid.searchgk"/>
</testsuite> <!-- framework.Hybrid.searchgk -->
